Release 14.7 - xst P.20131013 (nt64)
Copyright (c) 1995-2013 Xilinx, Inc.  All rights reserved.
--> Parameter TMPDIR set to xst/projnav.tmp


Total REAL time to Xst completion: 0.00 secs
Total CPU time to Xst completion: 0.09 secs
 
--> Parameter xsthdpdir set to xst


Total REAL time to Xst completion: 0.00 secs
Total CPU time to Xst completion: 0.09 secs
 
--> Reading design: ALU.prj

TABLE OF CONTENTS
  1) Synthesis Options Summary
  2) HDL Parsing
  3) HDL Elaboration
  4) HDL Synthesis
       4.1) HDL Synthesis Report
  5) Advanced HDL Synthesis
       5.1) Advanced HDL Synthesis Report
  6) Low Level Synthesis
  7) Partition Report
  8) Design Summary
       8.1) Primitive and Black Box Usage
       8.2) Device utilization summary
       8.3) Partition Resource Summary
       8.4) Timing Report
            8.4.1) Clock Information
            8.4.2) Asynchronous Control Signals Information
            8.4.3) Timing Summary
            8.4.4) Timing Details
            8.4.5) Cross Clock Domains Report


=========================================================================
*                      Synthesis Options Summary                        *
=========================================================================
---- Source Parameters
Input File Name                    : "ALU.prj"
Ignore Synthesis Constraint File   : NO

---- Target Parameters
Output File Name                   : "ALU"
Output Format                      : NGC
Target Device                      : xc7a100t-3-csg324

---- Source Options
Top Module Name                    : ALU
Automatic FSM Extraction           : YES
FSM Encoding Algorithm             : Auto
Safe Implementation                : No
FSM Style                          : LUT
RAM Extraction                     : Yes
RAM Style                          : Auto
ROM Extraction                     : Yes
Shift Register Extraction          : YES
ROM Style                          : Auto
Resource Sharing                   : YES
Asynchronous To Synchronous        : NO
Shift Register Minimum Size        : 2
Use DSP Block                      : Auto
Automatic Register Balancing       : No

---- Target Options
LUT Combining                      : Auto
Reduce Control Sets                : Auto
Add IO Buffers                     : YES
Global Maximum Fanout              : 100000
Add Generic Clock Buffer(BUFG)     : 32
Register Duplication               : YES
Optimize Instantiated Primitives   : NO
Use Clock Enable                   : Auto
Use Synchronous Set                : Auto
Use Synchronous Reset              : Auto
Pack IO Registers into IOBs        : Auto
Equivalent register Removal        : YES

---- General Options
Optimization Goal                  : Speed
Optimization Effort                : 1
Power Reduction                    : NO
Keep Hierarchy                     : No
Netlist Hierarchy                  : As_Optimized
RTL Output                         : Yes
Global Optimization                : AllClockNets
Read Cores                         : YES
Write Timing Constraints           : NO
Cross Clock Analysis               : NO
Hierarchy Separator                : /
Bus Delimiter                      : <>
Case Specifier                     : Maintain
Slice Utilization Ratio            : 100
BRAM Utilization Ratio             : 100
DSP48 Utilization Ratio            : 100
Auto BRAM Packing                  : NO
Slice Utilization Ratio Delta      : 5

=========================================================================


=========================================================================
*                          HDL Parsing                                  *
=========================================================================
Analyzing Verilog file "C:\Users\mvrb9\Desktop\Tec\Micros\proyecto\Proce\ProyectoMicrosFinal\ALU.v" into library work
Parsing module <ALU>.

=========================================================================
*                            HDL Elaboration                            *
=========================================================================

Elaborating module <ALU>.
WARNING:HDLCompiler:91 - "C:\Users\mvrb9\Desktop\Tec\Micros\proyecto\Proce\ProyectoMicrosFinal\ALU.v" Line 41: Signal <OP1> missing in the sensitivity list is added for synthesis purposes. HDL and post-synthesis simulations may differ as a result.
WARNING:HDLCompiler:91 - "C:\Users\mvrb9\Desktop\Tec\Micros\proyecto\Proce\ProyectoMicrosFinal\ALU.v" Line 48: Signal <OP1> missing in the sensitivity list is added for synthesis purposes. HDL and post-synthesis simulations may differ as a result.
WARNING:HDLCompiler:91 - "C:\Users\mvrb9\Desktop\Tec\Micros\proyecto\Proce\ProyectoMicrosFinal\ALU.v" Line 50: Signal <OP1> missing in the sensitivity list is added for synthesis purposes. HDL and post-synthesis simulations may differ as a result.
WARNING:HDLCompiler:91 - "C:\Users\mvrb9\Desktop\Tec\Micros\proyecto\Proce\ProyectoMicrosFinal\ALU.v" Line 52: Signal <OP1> missing in the sensitivity list is added for synthesis purposes. HDL and post-synthesis simulations may differ as a result.
WARNING:HDLCompiler:91 - "C:\Users\mvrb9\Desktop\Tec\Micros\proyecto\Proce\ProyectoMicrosFinal\ALU.v" Line 54: Signal <OP1> missing in the sensitivity list is added for synthesis purposes. HDL and post-synthesis simulations may differ as a result.
WARNING:HDLCompiler:91 - "C:\Users\mvrb9\Desktop\Tec\Micros\proyecto\Proce\ProyectoMicrosFinal\ALU.v" Line 56: Signal <OP1> missing in the sensitivity list is added for synthesis purposes. HDL and post-synthesis simulations may differ as a result.
WARNING:HDLCompiler:91 - "C:\Users\mvrb9\Desktop\Tec\Micros\proyecto\Proce\ProyectoMicrosFinal\ALU.v" Line 58: Signal <OP1> missing in the sensitivity list is added for synthesis purposes. HDL and post-synthesis simulations may differ as a result.

=========================================================================
*                           HDL Synthesis                               *
=========================================================================

Synthesizing Unit <ALU>.
    Related source file is "C:\Users\mvrb9\Desktop\Tec\Micros\proyecto\Proce\ProyectoMicrosFinal\ALU.v".
    Found 32-bit subtractor for signal <OP1[31]_OP2[31]_sub_3_OUT> created at line 50.
    Found 32-bit adder for signal <OP1[31]_OP2[31]_add_0_OUT> created at line 41.
    Found 32-bit shifter logical left for signal <OP1[31]_OP2[4]_shift_left_1_OUT> created at line 48
    Found 32-bit shifter logical right for signal <OP1[31]_OP2[4]_shift_right_3_OUT> created at line 52
    Found 32-bit shifter arithmetic right for signal <OP1[31]_OP2[4]_shift_right_5_OUT> created at line 56
    Found 32-bit 8-to-1 multiplexer for signal <ALU_Salida> created at line 37.
    Summary:
	inferred   2 Adder/Subtractor(s).
	inferred   2 Multiplexer(s).
	inferred   3 Combinational logic shifter(s).
Unit <ALU> synthesized.

=========================================================================
HDL Synthesis Report

Macro Statistics
# Adders/Subtractors                                   : 2
 32-bit adder                                          : 1
 32-bit subtractor                                     : 1
# Multiplexers                                         : 2
 1-bit 2-to-1 multiplexer                              : 1
 32-bit 8-to-1 multiplexer                             : 1
# Logic shifters                                       : 3
 32-bit shifter arithmetic right                       : 1
 32-bit shifter logical left                           : 1
 32-bit shifter logical right                          : 1
# Xors                                                 : 1
 32-bit xor2                                           : 1

=========================================================================

=========================================================================
*                       Advanced HDL Synthesis                          *
=========================================================================


=========================================================================
Advanced HDL Synthesis Report

Macro Statistics
# Adders/Subtractors                                   : 2
 32-bit adder                                          : 1
 32-bit subtractor                                     : 1
# Multiplexers                                         : 2
 1-bit 2-to-1 multiplexer                              : 1
 32-bit 8-to-1 multiplexer                             : 1
# Logic shifters                                       : 3
 32-bit shifter arithmetic right                       : 1
 32-bit shifter logical left                           : 1
 32-bit shifter logical right                          : 1
# Xors                                                 : 1
 32-bit xor2                                           : 1

=========================================================================

=========================================================================
*                         Low Level Synthesis                           *
=========================================================================

Optimizing unit <ALU> ...

Mapping all equations...
Building and optimizing final netlist ...
Found area constraint ratio of 100 (+ 5) on block ALU, actual ratio is 0.

Final Macro Processing ...

=========================================================================
Final Register Report

Found no macro
=========================================================================

=========================================================================
*                           Partition Report                            *
=========================================================================

Partition Implementation Status
-------------------------------

  No Partitions were found in this design.

-------------------------------

=========================================================================
*                            Design Summary                             *
=========================================================================

Top Level Output File Name         : ALU.ngc

Primitive and Black Box Usage:
------------------------------
# BELS                             : 523
#      GND                         : 1
#      LUT2                        : 72
#      LUT3                        : 45
#      LUT4                        : 16
#      LUT5                        : 61
#      LUT6                        : 187
#      MUXCY                       : 62
#      MUXF7                       : 14
#      VCC                         : 1
#      XORCY                       : 64
# IO Buffers                       : 100
#      IBUF                        : 68
#      OBUF                        : 32

Device utilization summary:
---------------------------

Selected Device : 7a100tcsg324-3 


Slice Logic Utilization: 
 Number of Slice LUTs:                  381  out of  63400     0%  
    Number used as Logic:               381  out of  63400     0%  

Slice Logic Distribution: 
 Number of LUT Flip Flop pairs used:    381
   Number with an unused Flip Flop:     381  out of    381   100%  
   Number with an unused LUT:             0  out of    381     0%  
   Number of fully used LUT-FF pairs:     0  out of    381     0%  
   Number of unique control sets:         0

IO Utilization: 
 Number of IOs:                         100
 Number of bonded IOBs:                 100  out of    210    47%  

Specific Feature Utilization:

---------------------------
Partition Resource Summary:
---------------------------

  No Partitions were found in this design.

---------------------------


=========================================================================
Timing Report

NOTE: THESE TIMING NUMBERS ARE ONLY A SYNTHESIS ESTIMATE.
      FOR ACCURATE TIMING INFORMATION PLEASE REFER TO THE TRACE REPORT
      GENERATED AFTER PLACE-and-ROUTE.

Clock Information:
------------------
No clock signals found in this design

Asynchronous Control Signals Information:
----------------------------------------
No asynchronous control signals found in this design

Timing Summary:
---------------
Speed Grade: -3

   Minimum period: No path found
   Minimum input arrival time before clock: No path found
   Maximum output required time after clock: No path found
   Maximum combinational path delay: 3.807ns

Timing Details:
---------------
All values displayed in nanoseconds (ns)

=========================================================================
Timing constraint: Default path analysis
  Total number of paths / destination ports: 6110 / 32
-------------------------------------------------------------------------
Delay:               3.807ns (Levels of Logic = 9)
  Source:            OP2<0> (PAD)
  Destination:       ALU_Salida<1> (PAD)

  Data Path: OP2<0> to ALU_Salida<1>
                                Gate     Net
    Cell:in->out      fanout   Delay   Delay  Logical Name (Net Name)
    ----------------------------------------  ------------
     IBUF:I->O            81   0.001   0.808  OP2_0_IBUF (OP2_0_IBUF)
     LUT6:I0->O            6   0.097   0.402  Sh1211 (Sh121)
     LUT3:I1->O            3   0.097   0.305  Sh14511 (Sh1451)
     LUT5:I4->O            2   0.097   0.561  Sh1451 (Sh145)
     LUT5:I1->O            1   0.097   0.295  Mmux_ALU_Salida121 (Mmux_ALU_Salida12)
     LUT6:I5->O            1   0.097   0.295  Mmux_ALU_Salida122 (Mmux_ALU_Salida121)
     LUT6:I5->O            1   0.097   0.000  Mmux_ALU_Salida126_G (N47)
     MUXF7:I1->O           1   0.279   0.279  Mmux_ALU_Salida126 (ALU_Salida_1_OBUF)
     OBUF:I->O                 0.000          ALU_Salida_1_OBUF (ALU_Salida<1>)
    ----------------------------------------
    Total                      3.807ns (0.862ns logic, 2.945ns route)
                                       (22.6% logic, 77.4% route)

=========================================================================

Cross Clock Domains Report:
--------------------------

=========================================================================


Total REAL time to Xst completion: 8.00 secs
Total CPU time to Xst completion: 8.43 secs
 
--> 

Total memory usage is 4626452 kilobytes

Number of errors   :    0 (   0 filtered)
Number of warnings :    7 (   0 filtered)
Number of infos    :    0 (   0 filtered)

