Release 14.7 - xst P.20131013 (nt64)
Copyright (c) 1995-2013 Xilinx, Inc.  All rights reserved.
--> Parameter TMPDIR set to xst/projnav.tmp


Total REAL time to Xst completion: 0.00 secs
Total CPU time to Xst completion: 0.08 secs
 
--> Parameter xsthdpdir set to xst


Total REAL time to Xst completion: 0.00 secs
Total CPU time to Xst completion: 0.08 secs
 
--> Reading design: Comparador.prj

TABLE OF CONTENTS
  1) Synthesis Options Summary
  2) HDL Parsing
  3) HDL Elaboration
  4) HDL Synthesis
       4.1) HDL Synthesis Report
  5) Advanced HDL Synthesis
       5.1) Advanced HDL Synthesis Report
  6) Low Level Synthesis
  7) Partition Report
  8) Design Summary
       8.1) Primitive and Black Box Usage
       8.2) Device utilization summary
       8.3) Partition Resource Summary
       8.4) Timing Report
            8.4.1) Clock Information
            8.4.2) Asynchronous Control Signals Information
            8.4.3) Timing Summary
            8.4.4) Timing Details
            8.4.5) Cross Clock Domains Report


=========================================================================
*                      Synthesis Options Summary                        *
=========================================================================
---- Source Parameters
Input File Name                    : "Comparador.prj"
Ignore Synthesis Constraint File   : NO

---- Target Parameters
Output File Name                   : "Comparador"
Output Format                      : NGC
Target Device                      : xc7a100t-3-csg324

---- Source Options
Top Module Name                    : Comparador
Automatic FSM Extraction           : YES
FSM Encoding Algorithm             : Auto
Safe Implementation                : No
FSM Style                          : LUT
RAM Extraction                     : Yes
RAM Style                          : Auto
ROM Extraction                     : Yes
Shift Register Extraction          : YES
ROM Style                          : Auto
Resource Sharing                   : YES
Asynchronous To Synchronous        : NO
Shift Register Minimum Size        : 2
Use DSP Block                      : Auto
Automatic Register Balancing       : No

---- Target Options
LUT Combining                      : Auto
Reduce Control Sets                : Auto
Add IO Buffers                     : YES
Global Maximum Fanout              : 100000
Add Generic Clock Buffer(BUFG)     : 32
Register Duplication               : YES
Optimize Instantiated Primitives   : NO
Use Clock Enable                   : Auto
Use Synchronous Set                : Auto
Use Synchronous Reset              : Auto
Pack IO Registers into IOBs        : Auto
Equivalent register Removal        : YES

---- General Options
Optimization Goal                  : Speed
Optimization Effort                : 1
Power Reduction                    : NO
Keep Hierarchy                     : No
Netlist Hierarchy                  : As_Optimized
RTL Output                         : Yes
Global Optimization                : AllClockNets
Read Cores                         : YES
Write Timing Constraints           : NO
Cross Clock Analysis               : NO
Hierarchy Separator                : /
Bus Delimiter                      : <>
Case Specifier                     : Maintain
Slice Utilization Ratio            : 100
BRAM Utilization Ratio             : 100
DSP48 Utilization Ratio            : 100
Auto BRAM Packing                  : NO
Slice Utilization Ratio Delta      : 5

=========================================================================


=========================================================================
*                          HDL Parsing                                  *
=========================================================================
Analyzing Verilog file "C:\Users\mvrb9\Desktop\Tec\Micros\proyecto\Proce\ProyectoMicrosFinal\Comparador.v" into library work
Parsing module <Comparador>.

=========================================================================
*                            HDL Elaboration                            *
=========================================================================

Elaborating module <Comparador>.

=========================================================================
*                           HDL Synthesis                               *
=========================================================================

Synthesizing Unit <Comparador>.
    Related source file is "C:\Users\mvrb9\Desktop\Tec\Micros\proyecto\Proce\ProyectoMicrosFinal\Comparador.v".
    Found 32-bit comparator equal for signal <Comparador_Salida> created at line 38
    Summary:
	inferred   1 Comparator(s).
Unit <Comparador> synthesized.

=========================================================================
HDL Synthesis Report

Macro Statistics
# Comparators                                          : 1
 32-bit comparator equal                               : 1

=========================================================================

=========================================================================
*                       Advanced HDL Synthesis                          *
=========================================================================


=========================================================================
Advanced HDL Synthesis Report

Macro Statistics
# Comparators                                          : 1
 32-bit comparator equal                               : 1

=========================================================================

=========================================================================
*                         Low Level Synthesis                           *
=========================================================================

Optimizing unit <Comparador> ...

Mapping all equations...
Building and optimizing final netlist ...
Found area constraint ratio of 100 (+ 5) on block Comparador, actual ratio is 0.

Final Macro Processing ...

=========================================================================
Final Register Report

Found no macro
=========================================================================

=========================================================================
*                           Partition Report                            *
=========================================================================

Partition Implementation Status
-------------------------------

  No Partitions were found in this design.

-------------------------------

=========================================================================
*                            Design Summary                             *
=========================================================================

Top Level Output File Name         : Comparador.ngc

Primitive and Black Box Usage:
------------------------------
# BELS                             : 24
#      GND                         : 1
#      LUT4                        : 1
#      LUT6                        : 10
#      MUXCY                       : 11
#      VCC                         : 1
# IO Buffers                       : 65
#      IBUF                        : 64
#      OBUF                        : 1

Device utilization summary:
---------------------------

Selected Device : 7a100tcsg324-3 


Slice Logic Utilization: 
 Number of Slice LUTs:                   11  out of  63400     0%  
    Number used as Logic:                11  out of  63400     0%  

Slice Logic Distribution: 
 Number of LUT Flip Flop pairs used:     11
   Number with an unused Flip Flop:      11  out of     11   100%  
   Number with an unused LUT:             0  out of     11     0%  
   Number of fully used LUT-FF pairs:     0  out of     11     0%  
   Number of unique control sets:         0

IO Utilization: 
 Number of IOs:                          65
 Number of bonded IOBs:                  65  out of    210    30%  

Specific Feature Utilization:

---------------------------
Partition Resource Summary:
---------------------------

  No Partitions were found in this design.

---------------------------


=========================================================================
Timing Report

NOTE: THESE TIMING NUMBERS ARE ONLY A SYNTHESIS ESTIMATE.
      FOR ACCURATE TIMING INFORMATION PLEASE REFER TO THE TRACE REPORT
      GENERATED AFTER PLACE-and-ROUTE.

Clock Information:
------------------
No clock signals found in this design

Asynchronous Control Signals Information:
----------------------------------------
No asynchronous control signals found in this design

Timing Summary:
---------------
Speed Grade: -3

   Minimum period: No path found
   Minimum input arrival time before clock: No path found
   Maximum output required time after clock: No path found
   Maximum combinational path delay: 1.884ns

Timing Details:
---------------
All values displayed in nanoseconds (ns)

=========================================================================
Timing constraint: Default path analysis
  Total number of paths / destination ports: 64 / 1
-------------------------------------------------------------------------
Delay:               1.884ns (Levels of Logic = 14)
  Source:            reg1<0> (PAD)
  Destination:       Comparador_Salida (PAD)

  Data Path: reg1<0> to Comparador_Salida
                                Gate     Net
    Cell:in->out      fanout   Delay   Delay  Logical Name (Net Name)
    ----------------------------------------  ------------
     IBUF:I->O             1   0.001   0.693  reg1_0_IBUF (reg1_0_IBUF)
     LUT6:I0->O            1   0.097   0.000  Mcompar_Comparador_Salida_lut<0> (Mcompar_Comparador_Salida_lut<0>)
     MUXCY:S->O            1   0.353   0.000  Mcompar_Comparador_Salida_cy<0> (Mcompar_Comparador_Salida_cy<0>)
     MUXCY:CI->O           1   0.023   0.000  Mcompar_Comparador_Salida_cy<1> (Mcompar_Comparador_Salida_cy<1>)
     MUXCY:CI->O           1   0.023   0.000  Mcompar_Comparador_Salida_cy<2> (Mcompar_Comparador_Salida_cy<2>)
     MUXCY:CI->O           1   0.023   0.000  Mcompar_Comparador_Salida_cy<3> (Mcompar_Comparador_Salida_cy<3>)
     MUXCY:CI->O           1   0.023   0.000  Mcompar_Comparador_Salida_cy<4> (Mcompar_Comparador_Salida_cy<4>)
     MUXCY:CI->O           1   0.023   0.000  Mcompar_Comparador_Salida_cy<5> (Mcompar_Comparador_Salida_cy<5>)
     MUXCY:CI->O           1   0.023   0.000  Mcompar_Comparador_Salida_cy<6> (Mcompar_Comparador_Salida_cy<6>)
     MUXCY:CI->O           1   0.023   0.000  Mcompar_Comparador_Salida_cy<7> (Mcompar_Comparador_Salida_cy<7>)
     MUXCY:CI->O           1   0.023   0.000  Mcompar_Comparador_Salida_cy<8> (Mcompar_Comparador_Salida_cy<8>)
     MUXCY:CI->O           1   0.023   0.000  Mcompar_Comparador_Salida_cy<9> (Mcompar_Comparador_Salida_cy<9>)
     MUXCY:CI->O           1   0.253   0.279  Mcompar_Comparador_Salida_cy<10> (Comparador_Salida_OBUF)
     OBUF:I->O                 0.000          Comparador_Salida_OBUF (Comparador_Salida)
    ----------------------------------------
    Total                      1.884ns (0.911ns logic, 0.973ns route)
                                       (48.4% logic, 51.6% route)

=========================================================================

Cross Clock Domains Report:
--------------------------

=========================================================================


Total REAL time to Xst completion: 7.00 secs
Total CPU time to Xst completion: 6.75 secs
 
--> 

Total memory usage is 4627568 kilobytes

Number of errors   :    0 (   0 filtered)
Number of warnings :    0 (   0 filtered)
Number of infos    :    0 (   0 filtered)

