Release 14.7 - xst P.20131013 (nt64)
Copyright (c) 1995-2013 Xilinx, Inc.  All rights reserved.
--> Parameter TMPDIR set to xst/projnav.tmp


Total REAL time to Xst completion: 1.00 secs
Total CPU time to Xst completion: 0.08 secs
 
--> Parameter xsthdpdir set to xst


Total REAL time to Xst completion: 1.00 secs
Total CPU time to Xst completion: 0.08 secs
 
--> Reading design: RegistroPC.prj

TABLE OF CONTENTS
  1) Synthesis Options Summary
  2) HDL Parsing
  3) HDL Elaboration
  4) HDL Synthesis
       4.1) HDL Synthesis Report
  5) Advanced HDL Synthesis
       5.1) Advanced HDL Synthesis Report
  6) Low Level Synthesis
  7) Partition Report
  8) Design Summary
       8.1) Primitive and Black Box Usage
       8.2) Device utilization summary
       8.3) Partition Resource Summary
       8.4) Timing Report
            8.4.1) Clock Information
            8.4.2) Asynchronous Control Signals Information
            8.4.3) Timing Summary
            8.4.4) Timing Details
            8.4.5) Cross Clock Domains Report


=========================================================================
*                      Synthesis Options Summary                        *
=========================================================================
---- Source Parameters
Input File Name                    : "RegistroPC.prj"
Ignore Synthesis Constraint File   : NO

---- Target Parameters
Output File Name                   : "RegistroPC"
Output Format                      : NGC
Target Device                      : xc7a100t-3-csg324

---- Source Options
Top Module Name                    : RegistroPC
Automatic FSM Extraction           : YES
FSM Encoding Algorithm             : Auto
Safe Implementation                : No
FSM Style                          : LUT
RAM Extraction                     : Yes
RAM Style                          : Auto
ROM Extraction                     : Yes
Shift Register Extraction          : YES
ROM Style                          : Auto
Resource Sharing                   : YES
Asynchronous To Synchronous        : NO
Shift Register Minimum Size        : 2
Use DSP Block                      : Auto
Automatic Register Balancing       : No

---- Target Options
LUT Combining                      : Auto
Reduce Control Sets                : Auto
Add IO Buffers                     : YES
Global Maximum Fanout              : 100000
Add Generic Clock Buffer(BUFG)     : 32
Register Duplication               : YES
Optimize Instantiated Primitives   : NO
Use Clock Enable                   : Auto
Use Synchronous Set                : Auto
Use Synchronous Reset              : Auto
Pack IO Registers into IOBs        : Auto
Equivalent register Removal        : YES

---- General Options
Optimization Goal                  : Speed
Optimization Effort                : 1
Power Reduction                    : NO
Keep Hierarchy                     : No
Netlist Hierarchy                  : As_Optimized
RTL Output                         : Yes
Global Optimization                : AllClockNets
Read Cores                         : YES
Write Timing Constraints           : NO
Cross Clock Analysis               : NO
Hierarchy Separator                : /
Bus Delimiter                      : <>
Case Specifier                     : Maintain
Slice Utilization Ratio            : 100
BRAM Utilization Ratio             : 100
DSP48 Utilization Ratio            : 100
Auto BRAM Packing                  : NO
Slice Utilization Ratio Delta      : 5

=========================================================================


=========================================================================
*                          HDL Parsing                                  *
=========================================================================
Analyzing Verilog file "C:\Users\mvrb9\Desktop\Tec\Micros\proyecto\Proce\ProyectoMicrosFinal\RegistroPC.v" into library work
Parsing module <RegistroPC>.

=========================================================================
*                            HDL Elaboration                            *
=========================================================================

Elaborating module <RegistroPC>.

=========================================================================
*                           HDL Synthesis                               *
=========================================================================

Synthesizing Unit <RegistroPC>.
    Related source file is "C:\Users\mvrb9\Desktop\Tec\Micros\proyecto\Proce\ProyectoMicrosFinal\RegistroPC.v".
    Found 32-bit register for signal <PC_Out_Sig>.
    Found 32-bit register for signal <PC_Out>.
    Found 32-bit adder for signal <PC_In[31]_GND_1_o_add_2_OUT> created at line 59.
    Summary:
	inferred   1 Adder/Subtractor(s).
	inferred  64 D-type flip-flop(s).
Unit <RegistroPC> synthesized.

=========================================================================
HDL Synthesis Report

Macro Statistics
# Adders/Subtractors                                   : 1
 32-bit adder                                          : 1
# Registers                                            : 2
 32-bit register                                       : 2

=========================================================================

=========================================================================
*                       Advanced HDL Synthesis                          *
=========================================================================


=========================================================================
Advanced HDL Synthesis Report

Macro Statistics
# Adders/Subtractors                                   : 1
 32-bit adder                                          : 1
# Registers                                            : 64
 Flip-Flops                                            : 64

=========================================================================

=========================================================================
*                         Low Level Synthesis                           *
=========================================================================
INFO:Xst:2261 - The FF/Latch <PC_Out_1> in Unit <RegistroPC> is equivalent to the following FF/Latch, which will be removed : <PC_Out_Sig_1> 
INFO:Xst:2261 - The FF/Latch <PC_Out_0> in Unit <RegistroPC> is equivalent to the following FF/Latch, which will be removed : <PC_Out_Sig_0> 

Optimizing unit <RegistroPC> ...

Mapping all equations...
Building and optimizing final netlist ...
Found area constraint ratio of 100 (+ 5) on block RegistroPC, actual ratio is 0.
FlipFlop PC_Out_1 has been replicated 1 time(s) to handle iob=true attribute.
FlipFlop PC_Out_0 has been replicated 1 time(s) to handle iob=true attribute.

Final Macro Processing ...

=========================================================================
Final Register Report

Macro Statistics
# Registers                                            : 64
 Flip-Flops                                            : 64

=========================================================================

=========================================================================
*                           Partition Report                            *
=========================================================================

Partition Implementation Status
-------------------------------

  No Partitions were found in this design.

-------------------------------

=========================================================================
*                            Design Summary                             *
=========================================================================

Top Level Output File Name         : RegistroPC.ngc

Primitive and Black Box Usage:
------------------------------
# BELS                             : 91
#      GND                         : 1
#      INV                         : 1
#      LUT1                        : 29
#      MUXCY                       : 29
#      VCC                         : 1
#      XORCY                       : 30
# FlipFlops/Latches                : 64
#      FDR                         : 64
# Clock Buffers                    : 1
#      BUFGP                       : 1
# IO Buffers                       : 97
#      IBUF                        : 33
#      OBUF                        : 64

Device utilization summary:
---------------------------

Selected Device : 7a100tcsg324-3 


Slice Logic Utilization: 
 Number of Slice LUTs:                   30  out of  63400     0%  
    Number used as Logic:                30  out of  63400     0%  

Slice Logic Distribution: 
 Number of LUT Flip Flop pairs used:     30
   Number with an unused Flip Flop:      30  out of     30   100%  
   Number with an unused LUT:             0  out of     30     0%  
   Number of fully used LUT-FF pairs:     0  out of     30     0%  
   Number of unique control sets:         1

IO Utilization: 
 Number of IOs:                          98
 Number of bonded IOBs:                  98  out of    210    46%  
    IOB Flip Flops/Latches:              64

Specific Feature Utilization:
 Number of BUFG/BUFGCTRLs:                1  out of     32     3%  

---------------------------
Partition Resource Summary:
---------------------------

  No Partitions were found in this design.

---------------------------


=========================================================================
Timing Report

NOTE: THESE TIMING NUMBERS ARE ONLY A SYNTHESIS ESTIMATE.
      FOR ACCURATE TIMING INFORMATION PLEASE REFER TO THE TRACE REPORT
      GENERATED AFTER PLACE-and-ROUTE.

Clock Information:
------------------
-----------------------------------+------------------------+-------+
Clock Signal                       | Clock buffer(FF name)  | Load  |
-----------------------------------+------------------------+-------+
Clk                                | BUFGP                  | 64    |
-----------------------------------+------------------------+-------+

Asynchronous Control Signals Information:
----------------------------------------
No asynchronous control signals found in this design

Timing Summary:
---------------
Speed Grade: -3

   Minimum period: No path found
   Minimum input arrival time before clock: 1.773ns
   Maximum output required time after clock: 0.640ns
   Maximum combinational path delay: No path found

Timing Details:
---------------
All values displayed in nanoseconds (ns)

=========================================================================
Timing constraint: Default OFFSET IN BEFORE for Clock 'Clk'
  Total number of paths / destination ports: 563 / 128
-------------------------------------------------------------------------
Offset:              1.773ns (Levels of Logic = 32)
  Source:            PC_In<2> (PAD)
  Destination:       PC_Out_Sig_31 (FF)
  Destination Clock: Clk rising

  Data Path: PC_In<2> to PC_Out_Sig_31
                                Gate     Net
    Cell:in->out      fanout   Delay   Delay  Logical Name (Net Name)
    ----------------------------------------  ------------
     IBUF:I->O             2   0.001   0.283  PC_In_2_IBUF (PC_In_2_IBUF)
     INV:I->O              1   0.113   0.000  Madd_PC_In[31]_GND_1_o_add_2_OUT_lut<2>_INV_0 (Madd_PC_In[31]_GND_1_o_add_2_OUT_lut<2>)
     MUXCY:S->O            1   0.353   0.000  Madd_PC_In[31]_GND_1_o_add_2_OUT_cy<2> (Madd_PC_In[31]_GND_1_o_add_2_OUT_cy<2>)
     MUXCY:CI->O           1   0.023   0.000  Madd_PC_In[31]_GND_1_o_add_2_OUT_cy<3> (Madd_PC_In[31]_GND_1_o_add_2_OUT_cy<3>)
     MUXCY:CI->O           1   0.023   0.000  Madd_PC_In[31]_GND_1_o_add_2_OUT_cy<4> (Madd_PC_In[31]_GND_1_o_add_2_OUT_cy<4>)
     MUXCY:CI->O           1   0.023   0.000  Madd_PC_In[31]_GND_1_o_add_2_OUT_cy<5> (Madd_PC_In[31]_GND_1_o_add_2_OUT_cy<5>)
     MUXCY:CI->O           1   0.023   0.000  Madd_PC_In[31]_GND_1_o_add_2_OUT_cy<6> (Madd_PC_In[31]_GND_1_o_add_2_OUT_cy<6>)
     MUXCY:CI->O           1   0.023   0.000  Madd_PC_In[31]_GND_1_o_add_2_OUT_cy<7> (Madd_PC_In[31]_GND_1_o_add_2_OUT_cy<7>)
     MUXCY:CI->O           1   0.023   0.000  Madd_PC_In[31]_GND_1_o_add_2_OUT_cy<8> (Madd_PC_In[31]_GND_1_o_add_2_OUT_cy<8>)
     MUXCY:CI->O           1   0.023   0.000  Madd_PC_In[31]_GND_1_o_add_2_OUT_cy<9> (Madd_PC_In[31]_GND_1_o_add_2_OUT_cy<9>)
     MUXCY:CI->O           1   0.023   0.000  Madd_PC_In[31]_GND_1_o_add_2_OUT_cy<10> (Madd_PC_In[31]_GND_1_o_add_2_OUT_cy<10>)
     MUXCY:CI->O           1   0.023   0.000  Madd_PC_In[31]_GND_1_o_add_2_OUT_cy<11> (Madd_PC_In[31]_GND_1_o_add_2_OUT_cy<11>)
     MUXCY:CI->O           1   0.023   0.000  Madd_PC_In[31]_GND_1_o_add_2_OUT_cy<12> (Madd_PC_In[31]_GND_1_o_add_2_OUT_cy<12>)
     MUXCY:CI->O           1   0.023   0.000  Madd_PC_In[31]_GND_1_o_add_2_OUT_cy<13> (Madd_PC_In[31]_GND_1_o_add_2_OUT_cy<13>)
     MUXCY:CI->O           1   0.023   0.000  Madd_PC_In[31]_GND_1_o_add_2_OUT_cy<14> (Madd_PC_In[31]_GND_1_o_add_2_OUT_cy<14>)
     MUXCY:CI->O           1   0.023   0.000  Madd_PC_In[31]_GND_1_o_add_2_OUT_cy<15> (Madd_PC_In[31]_GND_1_o_add_2_OUT_cy<15>)
     MUXCY:CI->O           1   0.023   0.000  Madd_PC_In[31]_GND_1_o_add_2_OUT_cy<16> (Madd_PC_In[31]_GND_1_o_add_2_OUT_cy<16>)
     MUXCY:CI->O           1   0.023   0.000  Madd_PC_In[31]_GND_1_o_add_2_OUT_cy<17> (Madd_PC_In[31]_GND_1_o_add_2_OUT_cy<17>)
     MUXCY:CI->O           1   0.023   0.000  Madd_PC_In[31]_GND_1_o_add_2_OUT_cy<18> (Madd_PC_In[31]_GND_1_o_add_2_OUT_cy<18>)
     MUXCY:CI->O           1   0.023   0.000  Madd_PC_In[31]_GND_1_o_add_2_OUT_cy<19> (Madd_PC_In[31]_GND_1_o_add_2_OUT_cy<19>)
     MUXCY:CI->O           1   0.023   0.000  Madd_PC_In[31]_GND_1_o_add_2_OUT_cy<20> (Madd_PC_In[31]_GND_1_o_add_2_OUT_cy<20>)
     MUXCY:CI->O           1   0.023   0.000  Madd_PC_In[31]_GND_1_o_add_2_OUT_cy<21> (Madd_PC_In[31]_GND_1_o_add_2_OUT_cy<21>)
     MUXCY:CI->O           1   0.023   0.000  Madd_PC_In[31]_GND_1_o_add_2_OUT_cy<22> (Madd_PC_In[31]_GND_1_o_add_2_OUT_cy<22>)
     MUXCY:CI->O           1   0.023   0.000  Madd_PC_In[31]_GND_1_o_add_2_OUT_cy<23> (Madd_PC_In[31]_GND_1_o_add_2_OUT_cy<23>)
     MUXCY:CI->O           1   0.023   0.000  Madd_PC_In[31]_GND_1_o_add_2_OUT_cy<24> (Madd_PC_In[31]_GND_1_o_add_2_OUT_cy<24>)
     MUXCY:CI->O           1   0.023   0.000  Madd_PC_In[31]_GND_1_o_add_2_OUT_cy<25> (Madd_PC_In[31]_GND_1_o_add_2_OUT_cy<25>)
     MUXCY:CI->O           1   0.023   0.000  Madd_PC_In[31]_GND_1_o_add_2_OUT_cy<26> (Madd_PC_In[31]_GND_1_o_add_2_OUT_cy<26>)
     MUXCY:CI->O           1   0.023   0.000  Madd_PC_In[31]_GND_1_o_add_2_OUT_cy<27> (Madd_PC_In[31]_GND_1_o_add_2_OUT_cy<27>)
     MUXCY:CI->O           1   0.023   0.000  Madd_PC_In[31]_GND_1_o_add_2_OUT_cy<28> (Madd_PC_In[31]_GND_1_o_add_2_OUT_cy<28>)
     MUXCY:CI->O           1   0.023   0.000  Madd_PC_In[31]_GND_1_o_add_2_OUT_cy<29> (Madd_PC_In[31]_GND_1_o_add_2_OUT_cy<29>)
     MUXCY:CI->O           0   0.023   0.000  Madd_PC_In[31]_GND_1_o_add_2_OUT_cy<30> (Madd_PC_In[31]_GND_1_o_add_2_OUT_cy<30>)
     XORCY:CI->O           1   0.370   0.000  Madd_PC_In[31]_GND_1_o_add_2_OUT_xor<31> (PC_In[31]_GND_1_o_add_2_OUT<31>)
     FDR:D                     0.008          PC_Out_Sig_31
    ----------------------------------------
    Total                      1.773ns (1.489ns logic, 0.283ns route)
                                       (84.0% logic, 16.0% route)

=========================================================================
Timing constraint: Default OFFSET OUT AFTER for Clock 'Clk'
  Total number of paths / destination ports: 64 / 64
-------------------------------------------------------------------------
Offset:              0.640ns (Levels of Logic = 1)
  Source:            PC_Out_31 (FF)
  Destination:       PC_Out<31> (PAD)
  Source Clock:      Clk rising

  Data Path: PC_Out_31 to PC_Out<31>
                                Gate     Net
    Cell:in->out      fanout   Delay   Delay  Logical Name (Net Name)
    ----------------------------------------  ------------
     FDR:C->Q              1   0.361   0.279  PC_Out_31 (PC_Out_31)
     OBUF:I->O                 0.000          PC_Out_31_OBUF (PC_Out<31>)
    ----------------------------------------
    Total                      0.640ns (0.361ns logic, 0.279ns route)
                                       (56.4% logic, 43.6% route)

=========================================================================

Cross Clock Domains Report:
--------------------------

=========================================================================


Total REAL time to Xst completion: 7.00 secs
Total CPU time to Xst completion: 6.92 secs
 
--> 

Total memory usage is 4627496 kilobytes

Number of errors   :    0 (   0 filtered)
Number of warnings :    0 (   0 filtered)
Number of infos    :    2 (   0 filtered)

